
A;B;16:14:33;D=30,0
SOLO;This=292;is=12021;just=45;an=5484673,6;example=12;of=50;log=0;
MET;VAR;Aplication=7;Class=4;OAO;Everything=1;AAA;plot=0;bigNum=1484831681,0;Up=9;Down=0;Right=126,55;Left=464365,7;
SET;VAR;Aplication=4;Class=1;FORK;plot=0;LOL;bigNum=1681,0;Up=8;Down=0;Right=129,49;Left=122365,0;
MET;VAR;Aplication=4;SEC;Class=1;plot=0;bigNum=84831681,0;Up=7;Down=0;Right=129,25;Left=499255,0;
MET;VARG;Something=1;WILL;Class=1;PASS;plot=3;bigNum=31678,2;Up=89;SEA;Down=0;Right=26,14;Left=386940,8;

A;B;16:14:33;C=219,58;D=30,0
SOLO;This=292;is=12021;just=45;an=5484673,6;example=12;of=50;log=0;
MET;VAR;Aplication=7;Class=4;OAO;Everything=1;AAA;plot=0;bigNum=1484831681,0;Up=9;Down=0;Right=126,55;Left=464365,7;
MET;VAR;Aplication=4;Class=1;FORK;plot=0;LOL;bigNum=1681,0;Up=8;Down=0;Right=129,49;Left=122365,0;
MET;VAR;Aplication=4;SEC;Class=1;plot=0;bigNum=84831681,0;Up=7;Down=0;Right=129,25;Left=499255,0;
MET;VARG;Something=1;WILL;Class=1;PASS;plot=3;bigNum=31678,2;Up=89;SEA;Down=0;Right=26,14;Left=386940,8;

A;B;16:14:33;C=219,58;D=30,0
SOLO;This=292;is=12021;just=45;an=5484673,6;example=12;of=50;log=0;
MET;VAR;Aplication=4;SEC;Class=1;plot=0;bigNum=84831681,0;Up=7;Down=0;Right=129,25;Left=499255,0;
MET;VARG;Something=1;WILL;Class=1;PASS;plot=3;bigNum=31678,2;Up=89;SEA;Down=0;Right=26,14;Left=386940,8;

A;B;16:14:33;C=219,58;D=30,0
SOLO;This=292;is=12021;just=45;an=5484673,6;example=12;of=50;log=0;
MET;VAR;Aplication=7;Class=4;OAO;Everything=1;AAA;plot=0;bigNum=1484831681,0;Up=9;Down=0;Right=126,55;Left=4566,7;
MET;VAR;Aplication=4;Class=1;FORK;plot=0;LOL;bigNum=1681,0;Up=8;Down=0;Right=129,49;Left=9877,0;
MET;VAR;Aplication=4;SEC;Class=1;plot=0;bigNum=84831681,0;Up=7;Down=0;Right=129,25;Left=499255,0;
MET;VARG;Something=1;WILL;Class=1;PASS;plot=3;bigNum=31678,2;Up=89;SEA;Down=0;Right=26,14;Left=893,8;
MET;VAR;Aplication=4;SEC;Class=1;plot=0;bigNum=84831681,0;Up=7;Down=0;Right=129,25;Left=499255,0;
MET;VARG;Something=1;WILL;Class=1;PASS;plot=3;bigNum=31678,2;Up=89;SEA;Down=0;Right=26,14;Left=4321,8;
MET;VAR;Aplication=4;SEC;Class=1;plot=0;bigNum=84831681,0;Up=7;Down=0;Right=129,25;Left=499255,0;
MET;VARG;Something=1;WILL;Class=1;PASS;plot=3;bigNum=31678,2;Up=89;SEA;Down=0;Right=26,14;Left=7492,7;
